# JRE version: Java(TM) SE Runtime Environment (7.0_40-b43) (build 1.7.0_40-b43)
# Java VM: Java HotSpot(TM) 64-Bit Server VM (24.0-b56 mixed mode windows-amd64 compressed oops)
Heap
 par new generation   total 55296K, used 45119K [0x0000000730000000, 0x0000000733c00000, 0x0000000733c00000)
  eden space 49152K,  82% used [0x0000000730000000, 0x000000073277aaa0, 0x0000000733000000)
  from space 6144K,  76% used [0x0000000733000000, 0x00000007334951c8, 0x0000000733600000)
  to   space 6144K,   0% used [0x0000000733600000, 0x0000000733600000, 0x0000000733c00000)
 concurrent mark-sweep generation total 181960K, used 104578K [0x0000000733c00000, 0x000000073edb2000, 0x00000007f0000000)
 concurrent-mark-sweep perm gen total 262144K, used 78475K [0x00000007f0000000, 0x0000000800000000, 0x0000000800000000)
GC Heap History (10 events):
Event: 3976.109 GC heap before
{Heap before GC invocations=148 (full 20):
 par new generation   total 55296K, used 51519K [0x0000000730000000, 0x0000000733c00000, 0x0000000733c00000)
  eden space 49152K, 100% used [0x0000000730000000, 0x0000000733000000, 0x0000000733000000)
  from space 6144K,  38% used [0x0000000733600000, 0x000000073384fdd0, 0x0000000733c00000)
  to   space 6144K,   0% used [0x0000000733000000, 0x0000000733000000, 0x0000000733600000)
 concurrent mark-sweep generation total 181960K, used 110703K [0x0000000733c00000, 0x000000073edb2000, 0x00000007f0000000)
 concurrent-mark-sweep perm gen total 262144K, used 78426K [0x00000007f0000000, 0x0000000800000000, 0x0000000800000000)
Event: 3976.114 GC heap after
Heap after GC invocations=149 (full 20):
 par new generation   total 55296K, used 2722K [0x0000000730000000, 0x0000000733c00000, 0x0000000733c00000)
  eden space 49152K,   0% used [0x0000000730000000, 0x0000000730000000, 0x0000000733000000)
  from space 6144K,  44% used [0x0000000733000000, 0x00000007332a8ad0, 0x0000000733600000)
  to   space 6144K,   0% used [0x0000000733600000, 0x0000000733600000, 0x0000000733c00000)
 concurrent mark-sweep generation total 181960K, used 110703K [0x0000000733c00000, 0x000000073edb2000, 0x00000007f0000000)
 concurrent-mark-sweep perm gen total 262144K, used 78426K [0x00000007f0000000, 0x0000000800000000, 0x0000000800000000)
}
Event: 3978.214 GC heap before
{Heap before GC invocations=149 (full 20):
 par new generation   total 55296K, used 51874K [0x0000000730000000, 0x0000000733c00000, 0x0000000733c00000)
  eden space 49152K, 100% used [0x0000000730000000, 0x0000000733000000, 0x0000000733000000)
  from space 6144K,  44% used [0x0000000733000000, 0x00000007332a8ad0, 0x0000000733600000)
  to   space 6144K,   0% used [0x0000000733600000, 0x0000000733600000, 0x0000000733c00000)
 concurrent mark-sweep generation total 181960K, used 110703K [0x0000000733c00000, 0x000000073edb2000, 0x00000007f0000000)
 concurrent-mark-sweep perm gen total 262144K, used 78442K [0x00000007f0000000, 0x0000000800000000, 0x0000000800000000)
Event: 3978.221 GC heap after
Heap after GC invocations=150 (full 20):
 par new generation   total 55296K, used 2669K [0x0000000730000000, 0x0000000733c00000, 0x0000000733c00000)
  eden space 49152K,   0% used [0x0000000730000000, 0x0000000730000000, 0x0000000733000000)
  from space 6144K,  43% used [0x0000000733600000, 0x000000073389b500, 0x0000000733c00000)
  to   space 6144K,   0% used [0x0000000733000000, 0x0000000733000000, 0x0000000733600000)
 concurrent mark-sweep generation total 181960K, used 110706K [0x0000000733c00000, 0x000000073edb2000, 0x00000007f0000000)
 concurrent-mark-sweep perm gen total 262144K, used 78442K [0x00000007f0000000, 0x0000000800000000, 0x0000000800000000)
}
Event: 3978.380 GC heap before
{Heap before GC invocations=150 (full 20):
 par new generation   total 55296K, used 11755K [0x0000000730000000, 0x0000000733c00000, 0x0000000733c00000)
  eden space 49152K,  18% used [0x0000000730000000, 0x00000007308df9c8, 0x0000000733000000)
  from space 6144K,  43% used [0x0000000733600000, 0x000000073389b500, 0x0000000733c00000)
  to   space 6144K,   0% used [0x0000000733000000, 0x0000000733000000, 0x0000000733600000)
 concurrent mark-sweep generation total 181960K, used 110706K [0x0000000733c00000, 0x000000073edb2000, 0x00000007f0000000)
 concurrent-mark-sweep perm gen total 262144K, used 78445K [0x00000007f0000000, 0x0000000800000000, 0x0000000800000000)
Event: 3978.897 GC heap after
Heap after GC invocations=151 (full 21):
 par new generation   total 55296K, used 0K [0x0000000730000000, 0x0000000733c00000, 0x0000000733c00000)
  eden space 49152K,   0% used [0x0000000730000000, 0x0000000730000000, 0x0000000733000000)
  from space 6144K,   0% used [0x0000000733600000, 0x0000000733600000, 0x0000000733c00000)
  to   space 6144K,   0% used [0x0000000733000000, 0x0000000733000000, 0x0000000733600000)
 concurrent mark-sweep generation total 181960K, used 106024K [0x0000000733c00000, 0x000000073edb2000, 0x00000007f0000000)
 concurrent-mark-sweep perm gen total 262144K, used 78441K [0x00000007f0000000, 0x0000000800000000, 0x0000000800000000)
}
Event: 3978.919 GC heap before
{Heap before GC invocations=151 (full 21):
 par new generation   total 55296K, used 2197K [0x0000000730000000, 0x0000000733c00000, 0x0000000733c00000)
  eden space 49152K,   4% used [0x0000000730000000, 0x0000000730225778, 0x0000000733000000)
  from space 6144K,   0% used [0x0000000733600000, 0x0000000733600000, 0x0000000733c00000)
  to   space 6144K,   0% used [0x0000000733000000, 0x0000000733000000, 0x0000000733600000)
 concurrent mark-sweep generation total 181960K, used 106024K [0x0000000733c00000, 0x000000073edb2000, 0x00000007f0000000)
 concurrent-mark-sweep perm gen total 262144K, used 78441K [0x00000007f0000000, 0x0000000800000000, 0x0000000800000000)
Event: 3979.388 GC heap after
Heap after GC invocations=152 (full 22):
 par new generation   total 55296K, used 0K [0x0000000730000000, 0x0000000733c00000, 0x0000000733c00000)
  eden space 49152K,   0% used [0x0000000730000000, 0x0000000730000000, 0x0000000733000000)
  from space 6144K,   0% used [0x0000000733600000, 0x0000000733600000, 0x0000000733c00000)
  to   space 6144K,   0% used [0x0000000733000000, 0x0000000733000000, 0x0000000733600000)
 concurrent mark-sweep generation total 181960K, used 104578K [0x0000000733c00000, 0x000000073edb2000, 0x00000007f0000000)
 concurrent-mark-sweep perm gen total 262144K, used 78441K [0x00000007f0000000, 0x0000000800000000, 0x0000000800000000)
}
Event: 3987.634 GC heap before
{Heap before GC invocations=152 (full 22):
 par new generation   total 55296K, used 49152K [0x0000000730000000, 0x0000000733c00000, 0x0000000733c00000)
  eden space 49152K, 100% used [0x0000000730000000, 0x0000000733000000, 0x0000000733000000)
  from space 6144K,   0% used [0x0000000733600000, 0x0000000733600000, 0x0000000733c00000)
  to   space 6144K,   0% used [0x0000000733000000, 0x0000000733000000, 0x0000000733600000)
 concurrent mark-sweep generation total 181960K, used 104578K [0x0000000733c00000, 0x000000073edb2000, 0x00000007f0000000)
 concurrent-mark-sweep perm gen total 262144K, used 78447K [0x00000007f0000000, 0x0000000800000000, 0x0000000800000000)
Event: 3987.644 GC heap after
Heap after GC invocations=153 (full 22):
 par new generation   total 55296K, used 4692K [0x0000000730000000, 0x0000000733c00000, 0x0000000733c00000)
  eden space 49152K,   0% used [0x0000000730000000, 0x0000000730000000, 0x0000000733000000)
  from space 6144K,  76% used [0x0000000733000000, 0x00000007334951c8, 0x0000000733600000)
  to   space 6144K,   0% used [0x0000000733600000, 0x0000000733600000, 0x0000000733c00000)
 concurrent mark-sweep generation total 181960K, used 104578K [0x0000000733c00000, 0x000000073edb2000, 0x00000007f0000000)
 concurrent-mark-sweep perm gen total 262144K, used 78447K [0x00000007f0000000, 0x0000000800000000, 0x0000000800000000)
}

